<?xml version="1.0" encoding="UTF-8" ?>
<testsuite tests="3" failures="3" name="es.cristiangg.cristiangarcia_ej2.exud4.conversorTest" time="0.049" errors="0" skipped="0">
  <properties>
[...]
</properties>
  <testcase classname="es.cristiangg.cristiangarcia_ej2.exud4.conversorTest" name="es.cristiangg.cristiangarcia_ej2.exud4.conversorTest.testFahrenheitACelsius" time="0.02">
    <failure message="The test case is a prototype." type="org.opentest4j.AssertionFailedError">org.opentest4j.AssertionFailedError: The test case is a prototype.
	at org.junit.jupiter.api.AssertionUtils.fail(AssertionUtils.java:39)
	at org.junit.jupiter.api.Assertions.fail(Assertions.java:109)
	at es.cristiangg.cristiangarcia_ej2.exud4.conversorTest.testFahrenheitACelsius(conversorTest.java:51)
</failure>
    <system-out>fahrenheitACelsius
</system-out>
  </testcase>
  <testcase classname="es.cristiangg.cristiangarcia_ej2.exud4.conversorTest" name="es.cristiangg.cristiangarcia_ej2.exud4.conversorTest.testCelsiusAFahrenheit" time="0.002">
    <failure message="The test case is a prototype." type="org.opentest4j.AssertionFailedError">org.opentest4j.AssertionFailedError: The test case is a prototype.
	at org.junit.jupiter.api.AssertionUtils.fail(AssertionUtils.java:39)
	at org.junit.jupiter.api.Assertions.fail(Assertions.java:109)
	at es.cristiangg.cristiangarcia_ej2.exud4.conversorTest.testCelsiusAFahrenheit(conversorTest.java:37)
</failure>
    <system-out>celsiusAFahrenheit
</system-out>
  </testcase>
  <testcase classname="es.cristiangg.cristiangarcia_ej2.exud4.conversorTest" name="es.cristiangg.cristiangarcia_ej2.exud4.conversorTest.testMain" time="0.027">
    <failure message="The test case is a prototype." type="org.opentest4j.AssertionFailedError">org.opentest4j.AssertionFailedError: The test case is a prototype.
	at org.junit.jupiter.api.AssertionUtils.fail(AssertionUtils.java:39)
	at org.junit.jupiter.api.Assertions.fail(Assertions.java:109)
	at es.cristiangg.cristiangarcia_ej2.exud4.conversorTest.testMain(conversorTest.java:23)
</failure>
    <system-out>main
0,000000 grados celsius son 32,000000 grados fahrenheit</system-out>
  </testcase>
</testsuite>